<?xml version="1.0" encoding="UTF-8"?>
<!-- Generated by org.testng.reporters.JUnitXMLReporter -->
<testsuite ignored="0" hostname="Aishwaryas-MacBook-Air.local" failures="0" tests="4" name="SubmitOrder" time="134.716" errors="0" timestamp="2024-07-14T22:16:38 IST">
  <testcase classname="tests.POMBasedEndToEndOrderPlace" name="placeOrder" time="34.025">
    <skipped/>
  </testcase> <!-- placeOrder -->
  <testcase classname="tests.POMBasedEndToEndOrderPlace" name="placeOrder" time="24.263"/>
  <testcase classname="tests.POMBasedEndToEndOrderPlace" name="placeOrder" time="23.873"/>
  <testcase classname="tests.POMBasedEndToEndOrderPlace" name="checkProdInOrderPage" time="10.691"/>
</testsuite> <!-- SubmitOrder -->
